Loaded buckeye full dataset...

Buckeye dataset: Dataset({
    features: ['audio', 'sampling_rate', 'transcript'],
    num_rows: 9665
})

Split = both, train_val_split = True. Returning both train, val and test set...
Dataset Loaded....

Train Dataset (70%): Dataset({
    features: ['audio', 'sampling_rate', 'transcript'],
    num_rows: 6958
})
Validation Dataset (10%): Dataset({
    features: ['audio', 'sampling_rate', 'transcript'],
    num_rows: 774
})
Test Dataset (20%): Dataset({
    features: ['audio', 'sampling_rate', 'transcript'],
    num_rows: 1933
})
------------------------------------------------------
Calculating total in swb_train:
Total Laughter and Speechlaugh in Train Dataset: {'laughter': 1379, 'speechlaugh': 1374, 'word': 222106} 

Calculating total in swb_eval:
Total Laughter and Speechlaugh in Validation Dataset: {'laughter': 133, 'speechlaugh': 190, 'word': 26640} 

Calculating total in swb_test:
Total Laughter and Speechlaugh in Test Dataset: {'laughter': 374, 'speechlaugh': 409, 'word': 57159} 

Laughter (Train+Val) / Test ratio: 4.042780748663102
Speechlaugh (Train+Val) / Test ratio: 3.823960880195599

----------------------------- end ------------------------------------
